The files belonging to this database system will be owned by user "postgres".
This user must also own the server process.

The database cluster will be initialized with locale "en_US.utf8".
The default database encoding has accordingly been set to "UTF8".
The default text search configuration will be set to "english".

Data page checksums are disabled.

fixing permissions on existing directory /var/lib/postgresql/data ... ok
creating subdirectories ... ok
selecting dynamic shared memory implementation ... posix
selecting default max_connections ... 100
selecting default shared_buffers ... 128MB
selecting default time zone ... UTC
creating configuration files ... ok
running bootstrap script ... ok
sh: locale: not found
2024-05-02 11:46:25.461 UTC [31] WARNING:  no usable system locales were found
performing post-bootstrap initialization ... ok
syncing data to disk ... ok

initdb: warning: enabling "trust" authentication for local connections
initdb: hint: You can change this by editing pg_hba.conf or using the option -A, or --auth-local and --auth-host, the next time you run initdb.

Success. You can now start the database server using:

    pg_ctl -D /var/lib/postgresql/data -l logfile start

waiting for server to start....2024-05-02 11:46:25.968 UTC [37] LOG:  starting PostgreSQL 15.6 on x86_64-pc-linux-musl, compiled by gcc (Alpine 13.2.1_git20231014) 13.2.1 20231014, 64-bit
2024-05-02 11:46:25.969 UTC [37] LOG:  listening on Unix socket "/var/run/postgresql/.s.PGSQL.5432"
2024-05-02 11:46:25.971 UTC [40] LOG:  database system was shut down at 2024-05-02 11:46:25 UTC
2024-05-02 11:46:25.975 UTC [37] LOG:  database system is ready to accept connections
 done
server started

/usr/local/bin/docker-entrypoint.sh: ignoring /docker-entrypoint-initdb.d/*

2024-05-02 11:46:26.066 UTC [37] LOG:  received fast shutdown request
waiting for server to shut down....2024-05-02 11:46:26.067 UTC [37] LOG:  aborting any active transactions
2024-05-02 11:46:26.070 UTC [37] LOG:  background worker "logical replication launcher" (PID 43) exited with exit code 1
2024-05-02 11:46:26.072 UTC [38] LOG:  shutting down
2024-05-02 11:46:26.072 UTC [38] LOG:  checkpoint starting: shutdown immediate
2024-05-02 11:46:26.074 UTC [38] LOG:  checkpoint complete: wrote 3 buffers (0.0%); 0 WAL file(s) added, 0 removed, 0 recycled; write=0.001 s, sync=0.001 s, total=0.003 s; sync files=2, longest=0.001 s, average=0.001 s; distance=0 kB, estimate=0 kB
2024-05-02 11:46:26.078 UTC [37] LOG:  database system is shut down
 done
server stopped

PostgreSQL init process complete; ready for start up.

2024-05-02 11:46:26.192 UTC [1] LOG:  starting PostgreSQL 15.6 on x86_64-pc-linux-musl, compiled by gcc (Alpine 13.2.1_git20231014) 13.2.1 20231014, 64-bit
2024-05-02 11:46:26.192 UTC [1] LOG:  listening on IPv4 address "0.0.0.0", port 5432
2024-05-02 11:46:26.192 UTC [1] LOG:  listening on IPv6 address "::", port 5432
2024-05-02 11:46:26.193 UTC [1] LOG:  listening on Unix socket "/var/run/postgresql/.s.PGSQL.5432"
2024-05-02 11:46:26.195 UTC [51] LOG:  database system was shut down at 2024-05-02 11:46:26 UTC
2024-05-02 11:46:26.198 UTC [1] LOG:  database system is ready to accept connections
2024-05-02 11:51:26.295 UTC [49] LOG:  checkpoint starting: time
2024-05-02 11:51:33.914 UTC [49] LOG:  checkpoint complete: wrote 79 buffers (0.5%); 0 WAL file(s) added, 0 removed, 0 recycled; write=7.616 s, sync=0.001 s, total=7.620 s; sync files=45, longest=0.001 s, average=0.001 s; distance=397 kB, estimate=397 kB
