Aug 30 07:38:38 xp10-vm21 kernel: [328883.253350] cni0: port 1(veth6e6c2a49) entered blocking state
Aug 30 07:38:38 xp10-vm21 kernel: [328883.253366] cni0: port 1(veth6e6c2a49) entered disabled state
Aug 30 07:38:38 xp10-vm21 kernel: [328883.253436] device veth6e6c2a49 entered promiscuous mode
Aug 30 07:38:38 xp10-vm21 kernel: [328883.265083] IPv6: ADDRCONF(NETDEV_CHANGE): eth0: link becomes ready
Aug 30 07:38:38 xp10-vm21 kernel: [328883.265107] IPv6: ADDRCONF(NETDEV_CHANGE): veth6e6c2a49: link becomes ready
Aug 30 07:38:38 xp10-vm21 kernel: [328883.265147] cni0: port 1(veth6e6c2a49) entered blocking state
Aug 30 07:38:38 xp10-vm21 kernel: [328883.265150] cni0: port 1(veth6e6c2a49) entered forwarding state
Aug 30 07:38:38 xp10-vm21 kernel: [328883.354680] cni0: port 2(veth137db1d1) entered blocking state
Aug 30 07:38:38 xp10-vm21 kernel: [328883.354685] cni0: port 2(veth137db1d1) entered disabled state
Aug 30 07:38:38 xp10-vm21 kernel: [328883.358526] device veth137db1d1 entered promiscuous mode
Aug 30 07:38:38 xp10-vm21 kernel: [328883.358563] cni0: port 2(veth137db1d1) entered blocking state
Aug 30 07:38:38 xp10-vm21 kernel: [328883.358566] cni0: port 2(veth137db1d1) entered forwarding state
Aug 30 07:38:38 xp10-vm21 kernel: [328883.380677] IPv6: ADDRCONF(NETDEV_CHANGE): veth137db1d1: link becomes ready
Aug 30 07:38:38 xp10-vm21 kernel: [328883.479323] cni0: port 3(veth189e20b5) entered blocking state
Aug 30 07:38:38 xp10-vm21 kernel: [328883.479328] cni0: port 3(veth189e20b5) entered disabled state
Aug 30 07:38:38 xp10-vm21 kernel: [328883.479564] device veth189e20b5 entered promiscuous mode
Aug 30 07:38:38 xp10-vm21 kernel: [328883.480032] cni0: port 3(veth189e20b5) entered blocking state
Aug 30 07:38:38 xp10-vm21 kernel: [328883.480036] cni0: port 3(veth189e20b5) entered forwarding state
Aug 30 07:38:38 xp10-vm21 kernel: [328883.518889] IPv6: ADDRCONF(NETDEV_CHANGE): veth189e20b5: link becomes ready
Aug 30 07:56:47 xp10-vm21 kernel: [329972.447782] cni0: port 5(vethc82dd2ce) entered blocking state
Aug 30 07:56:47 xp10-vm21 kernel: [329972.447790] cni0: port 5(vethc82dd2ce) entered disabled state
Aug 30 07:56:47 xp10-vm21 kernel: [329972.448016] device vethc82dd2ce entered promiscuous mode
Aug 30 07:56:47 xp10-vm21 kernel: [329972.455431] IPv6: ADDRCONF(NETDEV_CHANGE): eth0: link becomes ready
Aug 30 07:56:47 xp10-vm21 kernel: [329972.455453] IPv6: ADDRCONF(NETDEV_CHANGE): vethc82dd2ce: link becomes ready
Aug 30 07:56:47 xp10-vm21 kernel: [329972.455485] cni0: port 5(vethc82dd2ce) entered blocking state
Aug 30 07:56:47 xp10-vm21 kernel: [329972.455488] cni0: port 5(vethc82dd2ce) entered forwarding state
Aug 30 07:56:47 xp10-vm21 kernel: [329972.650470] cni0: port 6(vethdee383bd) entered blocking state
Aug 30 07:56:47 xp10-vm21 kernel: [329972.650475] cni0: port 6(vethdee383bd) entered disabled state
Aug 30 07:56:47 xp10-vm21 kernel: [329972.650542] device vethdee383bd entered promiscuous mode
Aug 30 07:56:47 xp10-vm21 kernel: [329972.650564] cni0: port 6(vethdee383bd) entered blocking state
Aug 30 07:56:47 xp10-vm21 kernel: [329972.650565] cni0: port 6(vethdee383bd) entered forwarding state
Aug 30 07:56:47 xp10-vm21 kernel: [329972.653721] IPv6: ADDRCONF(NETDEV_CHANGE): vethdee383bd: link becomes ready
